[08-Sep-2017 19:41:21 UTC] PHP Parse error:  syntax error, unexpected ''<' (T_ENCAPSED_AND_WHITESPACE) in /home/ubuntu/workspace/cst336/labs/lab2/index.php on line 63
[08-Sep-2017 19:52:31 UTC] PHP Fatal error:  Cannot redeclare displaySymbol() (previously declared in /home/ubuntu/workspace/cst336/labs/lab2/index.php:30) in /home/ubuntu/workspace/cst336/labs/lab2/index.php on line 74
[08-Sep-2017 20:01:09 UTC] PHP Warning:  Missing argument 2 for displaySymbol(), called in /home/ubuntu/workspace/cst336/labs/lab2/index.php on line 55 and defined in /home/ubuntu/workspace/cst336/labs/lab2/index.php on line 61
[08-Sep-2017 20:01:09 UTC] PHP Stack trace:
[08-Sep-2017 20:01:09 UTC] PHP   1. {main}() /home/ubuntu/workspace/cst336/labs/lab2/index.php:0
[08-Sep-2017 20:01:09 UTC] PHP   2. displaySymbol() /home/ubuntu/workspace/cst336/labs/lab2/index.php:55
[08-Sep-2017 20:01:09 UTC] PHP Warning:  Missing argument 3 for displaySymbol(), called in /home/ubuntu/workspace/cst336/labs/lab2/index.php on line 55 and defined in /home/ubuntu/workspace/cst336/labs/lab2/index.php on line 61
[08-Sep-2017 20:01:09 UTC] PHP Stack trace:
[08-Sep-2017 20:01:09 UTC] PHP   1. {main}() /home/ubuntu/workspace/cst336/labs/lab2/index.php:0
[08-Sep-2017 20:01:09 UTC] PHP   2. displaySymbol() /home/ubuntu/workspace/cst336/labs/lab2/index.php:55
[08-Sep-2017 20:01:09 UTC] PHP Warning:  Missing argument 2 for displaySymbol(), called in /home/ubuntu/workspace/cst336/labs/lab2/index.php on line 57 and defined in /home/ubuntu/workspace/cst336/labs/lab2/index.php on line 61
[08-Sep-2017 20:01:09 UTC] PHP Stack trace:
[08-Sep-2017 20:01:09 UTC] PHP   1. {main}() /home/ubuntu/workspace/cst336/labs/lab2/index.php:0
[08-Sep-2017 20:01:09 UTC] PHP   2. displaySymbol() /home/ubuntu/workspace/cst336/labs/lab2/index.php:57
[08-Sep-2017 20:01:09 UTC] PHP Warning:  Missing argument 3 for displaySymbol(), called in /home/ubuntu/workspace/cst336/labs/lab2/index.php on line 57 and defined in /home/ubuntu/workspace/cst336/labs/lab2/index.php on line 61
[08-Sep-2017 20:01:09 UTC] PHP Stack trace:
[08-Sep-2017 20:01:09 UTC] PHP   1. {main}() /home/ubuntu/workspace/cst336/labs/lab2/index.php:0
[08-Sep-2017 20:01:09 UTC] PHP   2. displaySymbol() /home/ubuntu/workspace/cst336/labs/lab2/index.php:57
[08-Sep-2017 20:01:09 UTC] PHP Warning:  Missing argument 2 for displaySymbol(), called in /home/ubuntu/workspace/cst336/labs/lab2/index.php on line 59 and defined in /home/ubuntu/workspace/cst336/labs/lab2/index.php on line 61
[08-Sep-2017 20:01:09 UTC] PHP Stack trace:
[08-Sep-2017 20:01:09 UTC] PHP   1. {main}() /home/ubuntu/workspace/cst336/labs/lab2/index.php:0
[08-Sep-2017 20:01:09 UTC] PHP   2. displaySymbol() /home/ubuntu/workspace/cst336/labs/lab2/index.php:59
[08-Sep-2017 20:01:09 UTC] PHP Warning:  Missing argument 3 for displaySymbol(), called in /home/ubuntu/workspace/cst336/labs/lab2/index.php on line 59 and defined in /home/ubuntu/workspace/cst336/labs/lab2/index.php on line 61
[08-Sep-2017 20:01:09 UTC] PHP Stack trace:
[08-Sep-2017 20:01:09 UTC] PHP   1. {main}() /home/ubuntu/workspace/cst336/labs/lab2/index.php:0
[08-Sep-2017 20:01:09 UTC] PHP   2. displaySymbol() /home/ubuntu/workspace/cst336/labs/lab2/index.php:59
[08-Sep-2017 20:01:13 UTC] PHP Warning:  Missing argument 2 for displaySymbol(), called in /home/ubuntu/workspace/cst336/labs/lab2/index.php on line 55 and defined in /home/ubuntu/workspace/cst336/labs/lab2/index.php on line 61
[08-Sep-2017 20:01:14 UTC] PHP Stack trace:
[08-Sep-2017 20:01:14 UTC] PHP   1. {main}() /home/ubuntu/workspace/cst336/labs/lab2/index.php:0
[08-Sep-2017 20:01:14 UTC] PHP   2. displaySymbol() /home/ubuntu/workspace/cst336/labs/lab2/index.php:55
[08-Sep-2017 20:01:14 UTC] PHP Warning:  Missing argument 3 for displaySymbol(), called in /home/ubuntu/workspace/cst336/labs/lab2/index.php on line 55 and defined in /home/ubuntu/workspace/cst336/labs/lab2/index.php on line 61
[08-Sep-2017 20:01:14 UTC] PHP Stack trace:
[08-Sep-2017 20:01:14 UTC] PHP   1. {main}() /home/ubuntu/workspace/cst336/labs/lab2/index.php:0
[08-Sep-2017 20:01:14 UTC] PHP   2. displaySymbol() /home/ubuntu/workspace/cst336/labs/lab2/index.php:55
[08-Sep-2017 20:01:14 UTC] PHP Warning:  Missing argument 2 for displaySymbol(), called in /home/ubuntu/workspace/cst336/labs/lab2/index.php on line 57 and defined in /home/ubuntu/workspace/cst336/labs/lab2/index.php on line 61
[08-Sep-2017 20:01:14 UTC] PHP Stack trace:
[08-Sep-2017 20:01:14 UTC] PHP   1. {main}() /home/ubuntu/workspace/cst336/labs/lab2/index.php:0
[08-Sep-2017 20:01:14 UTC] PHP   2. displaySymbol() /home/ubuntu/workspace/cst336/labs/lab2/index.php:57
[08-Sep-2017 20:01:14 UTC] PHP Warning:  Missing argument 3 for displaySymbol(), called in /home/ubuntu/workspace/cst336/labs/lab2/index.php on line 57 and defined in /home/ubuntu/workspace/cst336/labs/lab2/index.php on line 61
[08-Sep-2017 20:01:14 UTC] PHP Stack trace:
[08-Sep-2017 20:01:14 UTC] PHP   1. {main}() /home/ubuntu/workspace/cst336/labs/lab2/index.php:0
[08-Sep-2017 20:01:14 UTC] PHP   2. displaySymbol() /home/ubuntu/workspace/cst336/labs/lab2/index.php:57
[08-Sep-2017 20:01:14 UTC] PHP Warning:  Missing argument 2 for displaySymbol(), called in /home/ubuntu/workspace/cst336/labs/lab2/index.php on line 59 and defined in /home/ubuntu/workspace/cst336/labs/lab2/index.php on line 61
[08-Sep-2017 20:01:14 UTC] PHP Stack trace:
[08-Sep-2017 20:01:14 UTC] PHP   1. {main}() /home/ubuntu/workspace/cst336/labs/lab2/index.php:0
[08-Sep-2017 20:01:14 UTC] PHP   2. displaySymbol() /home/ubuntu/workspace/cst336/labs/lab2/index.php:59
[08-Sep-2017 20:01:14 UTC] PHP Warning:  Missing argument 3 for displaySymbol(), called in /home/ubuntu/workspace/cst336/labs/lab2/index.php on line 59 and defined in /home/ubuntu/workspace/cst336/labs/lab2/index.php on line 61
[08-Sep-2017 20:01:14 UTC] PHP Stack trace:
[08-Sep-2017 20:01:14 UTC] PHP   1. {main}() /home/ubuntu/workspace/cst336/labs/lab2/index.php:0
[08-Sep-2017 20:01:14 UTC] PHP   2. displaySymbol() /home/ubuntu/workspace/cst336/labs/lab2/index.php:59
[08-Sep-2017 20:01:15 UTC] PHP Warning:  Missing argument 2 for displaySymbol(), called in /home/ubuntu/workspace/cst336/labs/lab2/index.php on line 55 and defined in /home/ubuntu/workspace/cst336/labs/lab2/index.php on line 61
[08-Sep-2017 20:01:15 UTC] PHP Stack trace:
[08-Sep-2017 20:01:15 UTC] PHP   1. {main}() /home/ubuntu/workspace/cst336/labs/lab2/index.php:0
[08-Sep-2017 20:01:15 UTC] PHP   2. displaySymbol() /home/ubuntu/workspace/cst336/labs/lab2/index.php:55
[08-Sep-2017 20:01:15 UTC] PHP Warning:  Missing argument 3 for displaySymbol(), called in /home/ubuntu/workspace/cst336/labs/lab2/index.php on line 55 and defined in /home/ubuntu/workspace/cst336/labs/lab2/index.php on line 61
[08-Sep-2017 20:01:15 UTC] PHP Stack trace:
[08-Sep-2017 20:01:15 UTC] PHP   1. {main}() /home/ubuntu/workspace/cst336/labs/lab2/index.php:0
[08-Sep-2017 20:01:15 UTC] PHP   2. displaySymbol() /home/ubuntu/workspace/cst336/labs/lab2/index.php:55
[08-Sep-2017 20:01:15 UTC] PHP Warning:  Missing argument 2 for displaySymbol(), called in /home/ubuntu/workspace/cst336/labs/lab2/index.php on line 57 and defined in /home/ubuntu/workspace/cst336/labs/lab2/index.php on line 61
[08-Sep-2017 20:01:15 UTC] PHP Stack trace:
[08-Sep-2017 20:01:15 UTC] PHP   1. {main}() /home/ubuntu/workspace/cst336/labs/lab2/index.php:0
[08-Sep-2017 20:01:15 UTC] PHP   2. displaySymbol() /home/ubuntu/workspace/cst336/labs/lab2/index.php:57
[08-Sep-2017 20:01:15 UTC] PHP Warning:  Missing argument 3 for displaySymbol(), called in /home/ubuntu/workspace/cst336/labs/lab2/index.php on line 57 and defined in /home/ubuntu/workspace/cst336/labs/lab2/index.php on line 61
[08-Sep-2017 20:01:15 UTC] PHP Stack trace:
[08-Sep-2017 20:01:15 UTC] PHP   1. {main}() /home/ubuntu/workspace/cst336/labs/lab2/index.php:0
[08-Sep-2017 20:01:15 UTC] PHP   2. displaySymbol() /home/ubuntu/workspace/cst336/labs/lab2/index.php:57
[08-Sep-2017 20:01:15 UTC] PHP Warning:  Missing argument 2 for displaySymbol(), called in /home/ubuntu/workspace/cst336/labs/lab2/index.php on line 59 and defined in /home/ubuntu/workspace/cst336/labs/lab2/index.php on line 61
[08-Sep-2017 20:01:15 UTC] PHP Stack trace:
[08-Sep-2017 20:01:15 UTC] PHP   1. {main}() /home/ubuntu/workspace/cst336/labs/lab2/index.php:0
[08-Sep-2017 20:01:15 UTC] PHP   2. displaySymbol() /home/ubuntu/workspace/cst336/labs/lab2/index.php:59
[08-Sep-2017 20:01:15 UTC] PHP Warning:  Missing argument 3 for displaySymbol(), called in /home/ubuntu/workspace/cst336/labs/lab2/index.php on line 59 and defined in /home/ubuntu/workspace/cst336/labs/lab2/index.php on line 61
[08-Sep-2017 20:01:15 UTC] PHP Stack trace:
[08-Sep-2017 20:01:15 UTC] PHP   1. {main}() /home/ubuntu/workspace/cst336/labs/lab2/index.php:0
[08-Sep-2017 20:01:15 UTC] PHP   2. displaySymbol() /home/ubuntu/workspace/cst336/labs/lab2/index.php:59
[08-Sep-2017 20:01:16 UTC] PHP Warning:  Missing argument 2 for displaySymbol(), called in /home/ubuntu/workspace/cst336/labs/lab2/index.php on line 55 and defined in /home/ubuntu/workspace/cst336/labs/lab2/index.php on line 61
[08-Sep-2017 20:01:16 UTC] PHP Stack trace:
[08-Sep-2017 20:01:16 UTC] PHP   1. {main}() /home/ubuntu/workspace/cst336/labs/lab2/index.php:0
[08-Sep-2017 20:01:16 UTC] PHP   2. displaySymbol() /home/ubuntu/workspace/cst336/labs/lab2/index.php:55
[08-Sep-2017 20:01:16 UTC] PHP Warning:  Missing argument 3 for displaySymbol(), called in /home/ubuntu/workspace/cst336/labs/lab2/index.php on line 55 and defined in /home/ubuntu/workspace/cst336/labs/lab2/index.php on line 61
[08-Sep-2017 20:01:16 UTC] PHP Stack trace:
[08-Sep-2017 20:01:16 UTC] PHP   1. {main}() /home/ubuntu/workspace/cst336/labs/lab2/index.php:0
[08-Sep-2017 20:01:16 UTC] PHP   2. displaySymbol() /home/ubuntu/workspace/cst336/labs/lab2/index.php:55
[08-Sep-2017 20:01:16 UTC] PHP Warning:  Missing argument 2 for displaySymbol(), called in /home/ubuntu/workspace/cst336/labs/lab2/index.php on line 57 and defined in /home/ubuntu/workspace/cst336/labs/lab2/index.php on line 61
[08-Sep-2017 20:01:16 UTC] PHP Stack trace:
[08-Sep-2017 20:01:16 UTC] PHP   1. {main}() /home/ubuntu/workspace/cst336/labs/lab2/index.php:0
[08-Sep-2017 20:01:16 UTC] PHP   2. displaySymbol() /home/ubuntu/workspace/cst336/labs/lab2/index.php:57
[08-Sep-2017 20:01:16 UTC] PHP Warning:  Missing argument 3 for displaySymbol(), called in /home/ubuntu/workspace/cst336/labs/lab2/index.php on line 57 and defined in /home/ubuntu/workspace/cst336/labs/lab2/index.php on line 61
[08-Sep-2017 20:01:16 UTC] PHP Stack trace:
[08-Sep-2017 20:01:16 UTC] PHP   1. {main}() /home/ubuntu/workspace/cst336/labs/lab2/index.php:0
[08-Sep-2017 20:01:16 UTC] PHP   2. displaySymbol() /home/ubuntu/workspace/cst336/labs/lab2/index.php:57
[08-Sep-2017 20:01:16 UTC] PHP Warning:  Missing argument 2 for displaySymbol(), called in /home/ubuntu/workspace/cst336/labs/lab2/index.php on line 59 and defined in /home/ubuntu/workspace/cst336/labs/lab2/index.php on line 61
[08-Sep-2017 20:01:16 UTC] PHP Stack trace:
[08-Sep-2017 20:01:16 UTC] PHP   1. {main}() /home/ubuntu/workspace/cst336/labs/lab2/index.php:0
[08-Sep-2017 20:01:16 UTC] PHP   2. displaySymbol() /home/ubuntu/workspace/cst336/labs/lab2/index.php:59
[08-Sep-2017 20:01:16 UTC] PHP Warning:  Missing argument 3 for displaySymbol(), called in /home/ubuntu/workspace/cst336/labs/lab2/index.php on line 59 and defined in /home/ubuntu/workspace/cst336/labs/lab2/index.php on line 61
[08-Sep-2017 20:01:16 UTC] PHP Stack trace:
[08-Sep-2017 20:01:16 UTC] PHP   1. {main}() /home/ubuntu/workspace/cst336/labs/lab2/index.php:0
[08-Sep-2017 20:01:16 UTC] PHP   2. displaySymbol() /home/ubuntu/workspace/cst336/labs/lab2/index.php:59
[08-Sep-2017 20:33:30 UTC] PHP Parse error:  syntax error, unexpected '}' in /home/ubuntu/workspace/cst336/labs/lab2/index.php on line 84
[10-Sep-2017 06:10:13 UTC] PHP Parse error:  syntax error, unexpected '}' in /home/ubuntu/workspace/cst336/labs/lab2/index.php on line 84
[10-Sep-2017 06:30:41 UTC] PHP Fatal error:  Call to undefined function displaySymbol() in /home/ubuntu/workspace/cst336/labs/lab2/index.php on line 17
[10-Sep-2017 06:30:41 UTC] PHP Stack trace:
[10-Sep-2017 06:30:41 UTC] PHP   1. {main}() /home/ubuntu/workspace/cst336/labs/lab2/index.php:0
[10-Sep-2017 06:31:52 UTC] PHP Fatal error:  Call to undefined function displaySymbol() in /home/ubuntu/workspace/cst336/labs/lab2/index.php on line 17
[10-Sep-2017 06:31:52 UTC] PHP Stack trace:
[10-Sep-2017 06:31:52 UTC] PHP   1. {main}() /home/ubuntu/workspace/cst336/labs/lab2/index.php:0
[10-Sep-2017 06:31:55 UTC] PHP Fatal error:  Call to undefined function displaySymbol() in /home/ubuntu/workspace/cst336/labs/lab2/index.php on line 17
[10-Sep-2017 06:31:55 UTC] PHP Stack trace:
[10-Sep-2017 06:31:55 UTC] PHP   1. {main}() /home/ubuntu/workspace/cst336/labs/lab2/index.php:0
[10-Sep-2017 06:53:46 UTC] PHP Fatal error:  Call to undefined function displaySlots() in /home/ubuntu/workspace/cst336/labs/lab2/index.php on line 17
[10-Sep-2017 06:53:46 UTC] PHP Stack trace:
[10-Sep-2017 06:53:46 UTC] PHP   1. {main}() /home/ubuntu/workspace/cst336/labs/lab2/index.php:0
[10-Sep-2017 06:53:50 UTC] PHP Fatal error:  Call to undefined function displaySlots() in /home/ubuntu/workspace/cst336/labs/lab2/index.php on line 17
[10-Sep-2017 06:53:50 UTC] PHP Stack trace:
[10-Sep-2017 06:53:50 UTC] PHP   1. {main}() /home/ubuntu/workspace/cst336/labs/lab2/index.php:0
[10-Sep-2017 06:59:45 UTC] PHP Fatal error:  Call to undefined function play() in /home/ubuntu/workspace/cst336/labs/lab2/index.php on line 16
[10-Sep-2017 06:59:45 UTC] PHP Stack trace:
[10-Sep-2017 06:59:45 UTC] PHP   1. {main}() /home/ubuntu/workspace/cst336/labs/lab2/index.php:0
[01-Oct-2017 08:19:41 UTC] PHP Fatal error:  Maximum execution time of 300 seconds exceeded in /home/ubuntu/workspace/cst336/labs/lab4/index.php on line 79
[01-Oct-2017 08:19:41 UTC] PHP Stack trace:
[01-Oct-2017 08:19:41 UTC] PHP   1. {main}() /home/ubuntu/workspace/cst336/labs/lab4/index.php:0
[01-Oct-2017 09:07:31 UTC] PHP Fatal error:  Maximum execution time of 300 seconds exceeded in /home/ubuntu/workspace/cst336/labs/lab4/index.php on line 77
[01-Oct-2017 09:07:31 UTC] PHP Stack trace:
[01-Oct-2017 09:07:31 UTC] PHP   1. {main}() /home/ubuntu/workspace/cst336/labs/lab4/index.php:0
