[08-Sep-2017 20:25:40 UTC] PHP Parse error:  syntax error, unexpected end of file in /home/ubuntu/workspace/challenges/challenge2/randomcardgame.php on line 57
[08-Sep-2017 20:26:42 UTC] PHP Fatal error:  Cannot redeclare displayCard() (previously declared in /home/ubuntu/workspace/challenges/challenge2/randomcardgame.php:23) in /home/ubuntu/workspace/challenges/challenge2/randomcardgame.php on line 51
[08-Sep-2017 20:31:36 UTC] PHP Fatal error:  Call to undefined function displaySuite() in /home/ubuntu/workspace/challenges/challenge2/randomcardgame.php on line 54
[08-Sep-2017 20:31:36 UTC] PHP Stack trace:
[08-Sep-2017 20:31:36 UTC] PHP   1. {main}() /home/ubuntu/workspace/challenges/challenge2/randomcardgame.php:0
[08-Sep-2017 20:31:36 UTC] PHP   2. displayCard() /home/ubuntu/workspace/challenges/challenge2/randomcardgame.php:19
[08-Sep-2017 20:31:38 UTC] PHP Fatal error:  Call to undefined function displaySuite() in /home/ubuntu/workspace/challenges/challenge2/randomcardgame.php on line 54
[08-Sep-2017 20:31:38 UTC] PHP Stack trace:
[08-Sep-2017 20:31:38 UTC] PHP   1. {main}() /home/ubuntu/workspace/challenges/challenge2/randomcardgame.php:0
[08-Sep-2017 20:31:38 UTC] PHP   2. displayCard() /home/ubuntu/workspace/challenges/challenge2/randomcardgame.php:19
[08-Sep-2017 20:32:07 UTC] PHP Fatal error:  Call to undefined function displaySuite() in /home/ubuntu/workspace/challenges/challenge2/randomcardgame.php on line 54
[08-Sep-2017 20:32:07 UTC] PHP Stack trace:
[08-Sep-2017 20:32:07 UTC] PHP   1. {main}() /home/ubuntu/workspace/challenges/challenge2/randomcardgame.php:0
[08-Sep-2017 20:32:07 UTC] PHP   2. displayCard() /home/ubuntu/workspace/challenges/challenge2/randomcardgame.php:19
[08-Sep-2017 20:32:24 UTC] PHP Fatal error:  Call to undefined function displaySuite() in /home/ubuntu/workspace/challenges/challenge2/randomcardgame.php on line 54
[08-Sep-2017 20:32:24 UTC] PHP Stack trace:
[08-Sep-2017 20:32:24 UTC] PHP   1. {main}() /home/ubuntu/workspace/challenges/challenge2/randomcardgame.php:0
[08-Sep-2017 20:32:24 UTC] PHP   2. displayCard() /home/ubuntu/workspace/challenges/challenge2/randomcardgame.php:19
[08-Sep-2017 20:32:26 UTC] PHP Fatal error:  Call to undefined function displaySuite() in /home/ubuntu/workspace/challenges/challenge2/randomcardgame.php on line 54
[08-Sep-2017 20:32:26 UTC] PHP Stack trace:
[08-Sep-2017 20:32:26 UTC] PHP   1. {main}() /home/ubuntu/workspace/challenges/challenge2/randomcardgame.php:0
[08-Sep-2017 20:32:26 UTC] PHP   2. displayCard() /home/ubuntu/workspace/challenges/challenge2/randomcardgame.php:19
[08-Sep-2017 20:32:26 UTC] PHP Fatal error:  Call to undefined function displaySuite() in /home/ubuntu/workspace/challenges/challenge2/randomcardgame.php on line 54
[08-Sep-2017 20:32:26 UTC] PHP Stack trace:
[08-Sep-2017 20:32:26 UTC] PHP   1. {main}() /home/ubuntu/workspace/challenges/challenge2/randomcardgame.php:0
[08-Sep-2017 20:32:26 UTC] PHP   2. displayCard() /home/ubuntu/workspace/challenges/challenge2/randomcardgame.php:19
[08-Sep-2017 20:32:27 UTC] PHP Fatal error:  Call to undefined function displaySuite() in /home/ubuntu/workspace/challenges/challenge2/randomcardgame.php on line 54
[08-Sep-2017 20:32:27 UTC] PHP Stack trace:
[08-Sep-2017 20:32:27 UTC] PHP   1. {main}() /home/ubuntu/workspace/challenges/challenge2/randomcardgame.php:0
[08-Sep-2017 20:32:27 UTC] PHP   2. displayCard() /home/ubuntu/workspace/challenges/challenge2/randomcardgame.php:19
[08-Sep-2017 20:32:28 UTC] PHP Fatal error:  Call to undefined function displaySuite() in /home/ubuntu/workspace/challenges/challenge2/randomcardgame.php on line 54
[08-Sep-2017 20:32:28 UTC] PHP Stack trace:
[08-Sep-2017 20:32:28 UTC] PHP   1. {main}() /home/ubuntu/workspace/challenges/challenge2/randomcardgame.php:0
[08-Sep-2017 20:32:28 UTC] PHP   2. displayCard() /home/ubuntu/workspace/challenges/challenge2/randomcardgame.php:19
[08-Sep-2017 20:32:29 UTC] PHP Fatal error:  Call to undefined function displaySuite() in /home/ubuntu/workspace/challenges/challenge2/randomcardgame.php on line 54
[08-Sep-2017 20:32:29 UTC] PHP Stack trace:
[08-Sep-2017 20:32:29 UTC] PHP   1. {main}() /home/ubuntu/workspace/challenges/challenge2/randomcardgame.php:0
[08-Sep-2017 20:32:29 UTC] PHP   2. displayCard() /home/ubuntu/workspace/challenges/challenge2/randomcardgame.php:19
[08-Sep-2017 20:32:30 UTC] PHP Fatal error:  Call to undefined function displaySuite() in /home/ubuntu/workspace/challenges/challenge2/randomcardgame.php on line 54
[08-Sep-2017 20:32:30 UTC] PHP Stack trace:
[08-Sep-2017 20:32:30 UTC] PHP   1. {main}() /home/ubuntu/workspace/challenges/challenge2/randomcardgame.php:0
[08-Sep-2017 20:32:30 UTC] PHP   2. displayCard() /home/ubuntu/workspace/challenges/challenge2/randomcardgame.php:19
[08-Sep-2017 20:32:31 UTC] PHP Fatal error:  Call to undefined function displaySuite() in /home/ubuntu/workspace/challenges/challenge2/randomcardgame.php on line 54
[08-Sep-2017 20:32:31 UTC] PHP Stack trace:
[08-Sep-2017 20:32:31 UTC] PHP   1. {main}() /home/ubuntu/workspace/challenges/challenge2/randomcardgame.php:0
[08-Sep-2017 20:32:31 UTC] PHP   2. displayCard() /home/ubuntu/workspace/challenges/challenge2/randomcardgame.php:19
[08-Sep-2017 20:32:32 UTC] PHP Fatal error:  Call to undefined function displaySuite() in /home/ubuntu/workspace/challenges/challenge2/randomcardgame.php on line 54
[08-Sep-2017 20:32:32 UTC] PHP Stack trace:
[08-Sep-2017 20:32:32 UTC] PHP   1. {main}() /home/ubuntu/workspace/challenges/challenge2/randomcardgame.php:0
[08-Sep-2017 20:32:32 UTC] PHP   2. displayCard() /home/ubuntu/workspace/challenges/challenge2/randomcardgame.php:19
[08-Sep-2017 20:32:33 UTC] PHP Fatal error:  Call to undefined function displaySuite() in /home/ubuntu/workspace/challenges/challenge2/randomcardgame.php on line 54
[08-Sep-2017 20:32:33 UTC] PHP Stack trace:
[08-Sep-2017 20:32:33 UTC] PHP   1. {main}() /home/ubuntu/workspace/challenges/challenge2/randomcardgame.php:0
[08-Sep-2017 20:32:33 UTC] PHP   2. displayCard() /home/ubuntu/workspace/challenges/challenge2/randomcardgame.php:19
[08-Sep-2017 20:47:27 UTC] PHP Parse error:  syntax error, unexpected 'break' (T_BREAK) in /home/ubuntu/workspace/challenges/challenge2/randomcardgame.php on line 40
[08-Sep-2017 20:47:38 UTC] PHP Parse error:  syntax error, unexpected 'break' (T_BREAK) in /home/ubuntu/workspace/challenges/challenge2/randomcardgame.php on line 40
[08-Sep-2017 20:47:39 UTC] PHP Parse error:  syntax error, unexpected 'break' (T_BREAK) in /home/ubuntu/workspace/challenges/challenge2/randomcardgame.php on line 40
[08-Sep-2017 20:47:39 UTC] PHP Parse error:  syntax error, unexpected 'break' (T_BREAK) in /home/ubuntu/workspace/challenges/challenge2/randomcardgame.php on line 40
